# JRE version: OpenJDK Runtime Environment Microsoft-11369940 (21.0.7+6) (build 21.0.7+6-LTS)
# Java VM: OpenJDK 64-Bit Server VM Microsoft-11369940 (21.0.7+6-LTS, mixed mode, emulated-client, sharing, tiered, compressed oops, compressed class ptrs, g1 gc, windows-amd64)
GC Precious Log:
 CardTable entry size: 512
 Card Set container configuration: InlinePtr #cards 4 size 8 Array Of Cards #cards 16 size 48 Howl #buckets 8 coarsen threshold 3686 Howl Bitmap #cards 512 size 80 coarsen threshold 460 Card regions per heap region 1 cards per card region 4096
 CPUs: 8 total, 8 available
 Memory: 14249M
 Large Page Support: Disabled
 NUMA Support: Disabled
 Compressed Oops: Enabled (Zero based)
 Heap Region Size: 2M
 Heap Min Capacity: 8M
 Heap Initial Capacity: 224M
 Heap Max Capacity: 3564M
 Pre-touch: Disabled
 Parallel Workers: 8
 Concurrent Workers: 2
 Concurrent Refinement Workers: 8
 Periodic GC: Disabled
Heap:
 garbage-first heap   total 139264K, used 31051K [0x0000000721400000, 0x0000000800000000)
  region size 2048K, 7 young (14336K), 5 survivors (10240K)
 Metaspace       used 55262K, committed 56064K, reserved 1114112K
  class space    used 7624K, committed 8000K, reserved 1048576K
GC Heap History (20 events):
Event: 2.173 GC heap before
{Heap before GC invocations=1 (full 0):
 garbage-first heap   total 229376K, used 29695K [0x0000000721400000, 0x0000000800000000)
  region size 2048K, 14 young (28672K), 2 survivors (4096K)
 Metaspace       used 11064K, committed 11520K, reserved 1114112K
  class space    used 1430K, committed 1664K, reserved 1048576K
}
Event: 2.180 GC heap after
{Heap after GC invocations=2 (full 0):
 garbage-first heap   total 229376K, used 9386K [0x0000000721400000, 0x0000000800000000)
  region size 2048K, 1 young (2048K), 1 survivors (2048K)
 Metaspace       used 11064K, committed 11520K, reserved 1114112K
  class space    used 1430K, committed 1664K, reserved 1048576K
}
Event: 3.171 GC heap before
{Heap before GC invocations=2 (full 0):
 garbage-first heap   total 229376K, used 58538K [0x0000000721400000, 0x0000000800000000)
  region size 2048K, 26 young (53248K), 1 survivors (2048K)
 Metaspace       used 21083K, committed 21504K, reserved 1114112K
  class space    used 2776K, committed 3008K, reserved 1048576K
}
Event: 3.178 GC heap after
{Heap after GC invocations=3 (full 0):
 garbage-first heap   total 229376K, used 13039K [0x0000000721400000, 0x0000000800000000)
  region size 2048K, 3 young (6144K), 3 survivors (6144K)
 Metaspace       used 21083K, committed 21504K, reserved 1114112K
  class space    used 2776K, committed 3008K, reserved 1048576K
}
Event: 3.523 GC heap before
{Heap before GC invocations=4 (full 0):
 garbage-first heap   total 49152K, used 35567K [0x0000000721400000, 0x0000000800000000)
  region size 2048K, 14 young (28672K), 3 survivors (6144K)
 Metaspace       used 23093K, committed 23552K, reserved 1114112K
  class space    used 3093K, committed 3328K, reserved 1048576K
}
Event: 3.529 GC heap after
{Heap after GC invocations=5 (full 0):
 garbage-first heap   total 49152K, used 14721K [0x0000000721400000, 0x0000000800000000)
  region size 2048K, 1 young (2048K), 1 survivors (2048K)
 Metaspace       used 23093K, committed 23552K, reserved 1114112K
  class space    used 3093K, committed 3328K, reserved 1048576K
}
Event: 4.016 GC heap before
{Heap before GC invocations=5 (full 0):
 garbage-first heap   total 49152K, used 35201K [0x0000000721400000, 0x0000000800000000)
  region size 2048K, 11 young (22528K), 1 survivors (2048K)
 Metaspace       used 25021K, committed 25472K, reserved 1114112K
  class space    used 3374K, committed 3584K, reserved 1048576K
}
Event: 4.020 GC heap after
{Heap after GC invocations=6 (full 0):
 garbage-first heap   total 49152K, used 16404K [0x0000000721400000, 0x0000000800000000)
  region size 2048K, 2 young (4096K), 2 survivors (4096K)
 Metaspace       used 25021K, committed 25472K, reserved 1114112K
  class space    used 3374K, committed 3584K, reserved 1048576K
}
Event: 4.629 GC heap before
{Heap before GC invocations=6 (full 0):
 garbage-first heap   total 49152K, used 36884K [0x0000000721400000, 0x0000000800000000)
  region size 2048K, 12 young (24576K), 2 survivors (4096K)
 Metaspace       used 28231K, committed 28736K, reserved 1114112K
  class space    used 3849K, committed 4096K, reserved 1048576K
}
Event: 4.634 GC heap after
{Heap after GC invocations=7 (full 0):
 garbage-first heap   total 49152K, used 18216K [0x0000000721400000, 0x0000000800000000)
  region size 2048K, 2 young (4096K), 2 survivors (4096K)
 Metaspace       used 28231K, committed 28736K, reserved 1114112K
  class space    used 3849K, committed 4096K, reserved 1048576K
}
Event: 5.033 GC heap before
{Heap before GC invocations=7 (full 0):
 garbage-first heap   total 49152K, used 34600K [0x0000000721400000, 0x0000000800000000)
  region size 2048K, 11 young (22528K), 2 survivors (4096K)
 Metaspace       used 30748K, committed 31360K, reserved 1114112K
  class space    used 4188K, committed 4480K, reserved 1048576K
}
Event: 5.038 GC heap after
{Heap after GC invocations=8 (full 0):
 garbage-first heap   total 49152K, used 19792K [0x0000000721400000, 0x0000000800000000)
  region size 2048K, 2 young (4096K), 2 survivors (4096K)
 Metaspace       used 30748K, committed 31360K, reserved 1114112K
  class space    used 4188K, committed 4480K, reserved 1048576K
}
Event: 5.506 GC heap before
{Heap before GC invocations=8 (full 0):
 garbage-first heap   total 49152K, used 38224K [0x0000000721400000, 0x0000000800000000)
  region size 2048K, 12 young (24576K), 2 survivors (4096K)
 Metaspace       used 35540K, committed 36096K, reserved 1114112K
  class space    used 4719K, committed 4992K, reserved 1048576K
}
Event: 5.511 GC heap after
{Heap after GC invocations=9 (full 0):
 garbage-first heap   total 49152K, used 20966K [0x0000000721400000, 0x0000000800000000)
  region size 2048K, 2 young (4096K), 2 survivors (4096K)
 Metaspace       used 35540K, committed 36096K, reserved 1114112K
  class space    used 4719K, committed 4992K, reserved 1048576K
}
Event: 5.993 GC heap before
{Heap before GC invocations=10 (full 0):
 garbage-first heap   total 49152K, used 39398K [0x0000000721400000, 0x0000000800000000)
  region size 2048K, 11 young (22528K), 2 survivors (4096K)
 Metaspace       used 39221K, committed 39872K, reserved 1114112K
  class space    used 5240K, committed 5504K, reserved 1048576K
}
Event: 5.999 GC heap after
{Heap after GC invocations=11 (full 0):
 garbage-first heap   total 49152K, used 22222K [0x0000000721400000, 0x0000000800000000)
  region size 2048K, 2 young (4096K), 2 survivors (4096K)
 Metaspace       used 39221K, committed 39872K, reserved 1114112K
  class space    used 5240K, committed 5504K, reserved 1048576K
}
Event: 6.483 GC heap before
{Heap before GC invocations=11 (full 0):
 garbage-first heap   total 49152K, used 38606K [0x0000000721400000, 0x0000000800000000)
  region size 2048K, 10 young (20480K), 2 survivors (4096K)
 Metaspace       used 42599K, committed 43200K, reserved 1114112K
  class space    used 5829K, committed 6080K, reserved 1048576K
}
Event: 6.488 GC heap after
{Heap after GC invocations=12 (full 0):
 garbage-first heap   total 139264K, used 22170K [0x0000000721400000, 0x0000000800000000)
  region size 2048K, 1 young (2048K), 1 survivors (2048K)
 Metaspace       used 42599K, committed 43200K, reserved 1114112K
  class space    used 5829K, committed 6080K, reserved 1048576K
}
Event: 29.256 GC heap before
{Heap before GC invocations=12 (full 0):
 garbage-first heap   total 139264K, used 102042K [0x0000000721400000, 0x0000000800000000)
  region size 2048K, 40 young (81920K), 1 survivors (2048K)
 Metaspace       used 55262K, committed 56064K, reserved 1114112K
  class space    used 7624K, committed 8000K, reserved 1048576K
}
Event: 29.266 GC heap after
{Heap after GC invocations=13 (full 0):
 garbage-first heap   total 139264K, used 29003K [0x0000000721400000, 0x0000000800000000)
  region size 2048K, 5 young (10240K), 5 survivors (10240K)
 Metaspace       used 55262K, committed 56064K, reserved 1114112K
  class space    used 7624K, committed 8000K, reserved 1048576K
}

